<?xml version="1.0" encoding="UTF-8"?>
<testng-results skipped="0" failed="1" total="1" passed="0">
  <reporter-output>
  </reporter-output>
  <suite name="Default suite" duration-ms="115082" started-at="2020-02-28T11:15:38Z" finished-at="2020-02-28T11:17:33Z">
    <groups>
    </groups>
    <test name="Default test" duration-ms="115082" started-at="2020-02-28T11:15:38Z" finished-at="2020-02-28T11:17:33Z">
      <class name="com.example.LoginTest">
        <test-method status="PASS" signature="registerWebDriver()[pri:0, instance:com.example.LoginTest@19bb089b]" name="registerWebDriver" is-config="true" duration-ms="151" started-at="2020-02-28T16:45:38Z" finished-at="2020-02-28T16:45:38Z">
          <reporter-output>
          </reporter-output>
        </test-method> <!-- registerWebDriver -->
        <test-method status="PASS" signature="launchBrowser()[pri:0, instance:com.example.LoginTest@19bb089b]" name="launchBrowser" is-config="true" duration-ms="95657" started-at="2020-02-28T16:45:38Z" finished-at="2020-02-28T16:47:14Z">
          <reporter-output>
          </reporter-output>
        </test-method> <!-- launchBrowser -->
        <test-method status="FAIL" signature="login(java.lang.String, java.lang.String, java.lang.String)[pri:0, instance:com.example.LoginTest@19bb089b]" name="login" duration-ms="0" started-at="2020-02-28T16:47:30Z" data-provider="user_credentails" finished-at="2020-02-28T16:47:30Z">
          <exception class="java.lang.NullPointerException">
            <full-stacktrace>
              <![CDATA[java.lang.NullPointerException
	at org.testng.internal.MethodInvocationHelper.invokeDataProvider(MethodInvocationHelper.java:131)
	at org.testng.internal.Parameters.handleParameters(Parameters.java:426)
	at org.testng.internal.Invoker.handleParameters(Invoker.java:1383)
	at org.testng.internal.Invoker.createParameters(Invoker.java:1075)
	at org.testng.internal.Invoker.invokeTestMethods(Invoker.java:1180)
	at org.testng.internal.TestMethodWorker.invokeTestMethods(TestMethodWorker.java:127)
	at org.testng.internal.TestMethodWorker.run(TestMethodWorker.java:111)
	at org.testng.TestRunner.privateRun(TestRunner.java:767)
	at org.testng.TestRunner.run(TestRunner.java:617)
	at org.testng.SuiteRunner.runTest(SuiteRunner.java:334)
	at org.testng.SuiteRunner.runSequentially(SuiteRunner.java:329)
	at org.testng.SuiteRunner.privateRun(SuiteRunner.java:291)
	at org.testng.SuiteRunner.run(SuiteRunner.java:240)
	at org.testng.SuiteRunnerWorker.runSuite(SuiteRunnerWorker.java:52)
	at org.testng.SuiteRunnerWorker.run(SuiteRunnerWorker.java:86)
	at org.testng.TestNG.runSuitesSequentially(TestNG.java:1198)
	at org.testng.TestNG.runSuitesLocally(TestNG.java:1123)
	at org.testng.TestNG.run(TestNG.java:1031)
	at org.testng.remote.RemoteTestNG.run(RemoteTestNG.java:115)
	at org.testng.remote.RemoteTestNG.initAndRun(RemoteTestNG.java:207)
	at org.testng.remote.RemoteTestNG.main(RemoteTestNG.java:178)
]]>
            </full-stacktrace>
          </exception> <!-- java.lang.NullPointerException -->
          <reporter-output>
          </reporter-output>
        </test-method> <!-- login -->
        <test-method status="PASS" signature="closeBrowser()[pri:0, instance:com.example.LoginTest@19bb089b]" name="closeBrowser" is-config="true" duration-ms="3070" started-at="2020-02-28T16:47:30Z" finished-at="2020-02-28T16:47:33Z">
          <reporter-output>
          </reporter-output>
        </test-method> <!-- closeBrowser -->
      </class> <!-- com.example.LoginTest -->
    </test> <!-- Default test -->
  </suite> <!-- Default suite -->
</testng-results>
