<?xml version="1.0" encoding="UTF-8"?>
<testng-results skipped="0" failed="0" total="1" passed="1">
  <reporter-output>
  </reporter-output>
  <suite name="Default suite" duration-ms="86669" started-at="2020-03-07T07:03:11Z" finished-at="2020-03-07T07:04:37Z">
    <groups>
    </groups>
    <test name="Default test" duration-ms="86669" started-at="2020-03-07T07:03:11Z" finished-at="2020-03-07T07:04:37Z">
      <class name="Com.testcase.Redbus_Search_testcase">
        <test-method status="PASS" signature="startup()[pri:0, instance:Com.testcase.Redbus_Search_testcase@3cda1055]" name="startup" is-config="true" duration-ms="52206" started-at="2020-03-07T12:33:11Z" finished-at="2020-03-07T12:34:03Z">
          <reporter-output>
          </reporter-output>
        </test-method> <!-- startup -->
        <test-method status="PASS" signature="buses()[pri:0, instance:Com.testcase.Redbus_Search_testcase@3cda1055]" name="buses" duration-ms="30341" started-at="2020-03-07T12:34:03Z" finished-at="2020-03-07T12:34:33Z">
          <reporter-output>
          </reporter-output>
        </test-method> <!-- buses -->
        <test-method status="PASS" signature="close()[pri:0, instance:Com.testcase.Redbus_Search_testcase@3cda1055]" name="close" is-config="true" duration-ms="4057" started-at="2020-03-07T12:34:33Z" finished-at="2020-03-07T12:34:37Z">
          <reporter-output>
          </reporter-output>
        </test-method> <!-- close -->
      </class> <!-- Com.testcase.Redbus_Search_testcase -->
    </test> <!-- Default test -->
  </suite> <!-- Default suite -->
</testng-results>
